<?xml version="1.0" encoding="UTF-8"?>
<<<<<<< HEAD
<testsuite xmlns:xsi="http://www.w3.org/2001/XMLSchema-instance" xsi:noNamespaceSchemaLocation="https://maven.apache.org/surefire/maven-surefire-plugin/xsd/surefire-test-report.xsd" version="3.0.1" name="pizzaSoftware.AppTest" time="0.05" tests="1" errors="0" skipped="0" failures="0">
=======
<testsuite xmlns:xsi="http://www.w3.org/2001/XMLSchema-instance" xsi:noNamespaceSchemaLocation="https://maven.apache.org/surefire/maven-surefire-plugin/xsd/surefire-test-report.xsd" version="3.0.1" name="pizzaSoftware.AppTest" time="0.069" tests="1" errors="0" skipped="0" failures="0">
>>>>>>> 49e94c9b3003727752cbdbd08a30d15e3beac6d7
  <properties>
    <property name="java.specification.version" value="17"/>
    <property name="sun.cpu.isalist" value="amd64"/>
    <property name="sun.jnu.encoding" value="Cp1252"/>
    <property name="java.class.path" value="C:\MARIA\DATABASE PROJECT TOM PEPPELS\dbProject\dbProject\target\test-classes;C:\MARIA\DATABASE PROJECT TOM PEPPELS\dbProject\dbProject\target\classes;C:\Users\maria\.m2\repository\org\junit\jupiter\junit-jupiter-api\5.11.0\junit-jupiter-api-5.11.0.jar;C:\Users\maria\.m2\repository\org\opentest4j\opentest4j\1.3.0\opentest4j-1.3.0.jar;C:\Users\maria\.m2\repository\org\junit\platform\junit-platform-commons\1.11.0\junit-platform-commons-1.11.0.jar;C:\Users\maria\.m2\repository\org\apiguardian\apiguardian-api\1.1.2\apiguardian-api-1.1.2.jar;C:\Users\maria\.m2\repository\org\junit\jupiter\junit-jupiter-params\5.11.0\junit-jupiter-params-5.11.0.jar;C:\Users\maria\.m2\repository\com\mysql\mysql-connector-j\8.0.33\mysql-connector-j-8.0.33.jar;C:\Users\maria\.m2\repository\com\google\protobuf\protobuf-java\3.21.9\protobuf-java-3.21.9.jar;C:\Users\maria\.m2\repository\org\openjfx\javafx-controls\21\javafx-controls-21.jar;C:\Users\maria\.m2\repository\org\openjfx\javafx-controls\21\javafx-controls-21-win.jar;C:\Users\maria\.m2\repository\org\openjfx\javafx-graphics\21\javafx-graphics-21.jar;C:\Users\maria\.m2\repository\org\openjfx\javafx-graphics\21\javafx-graphics-21-win.jar;C:\Users\maria\.m2\repository\org\openjfx\javafx-base\21\javafx-base-21.jar;C:\Users\maria\.m2\repository\org\openjfx\javafx-base\21\javafx-base-21-win.jar;C:\Users\maria\.m2\repository\org\openjfx\javafx-fxml\21\javafx-fxml-21.jar;C:\Users\maria\.m2\repository\org\openjfx\javafx-fxml\21\javafx-fxml-21-win.jar;"/>
    <property name="java.vm.vendor" value="Eclipse Adoptium"/>
    <property name="sun.arch.data.model" value="64"/>
    <property name="user.variant" value=""/>
    <property name="java.vendor.url" value="https://adoptium.net/"/>
    <property name="user.timezone" value="Europe/Amsterdam"/>
    <property name="os.name" value="Windows 11"/>
    <property name="java.vm.specification.version" value="17"/>
    <property name="sun.java.launcher" value="SUN_STANDARD"/>
<<<<<<< HEAD
    <property name="user.country" value="GB"/>
    <property name="sun.boot.library.path" value="C:\Program Files\Eclipse Adoptium\jdk-17.0.8.101-hotspot\bin"/>
    <property name="sun.java.command" value="C:\Users\maria\AppData\Local\Temp\surefire13138547389719728344\surefirebooter-20240929183623562_3.jar C:\Users\maria\AppData\Local\Temp\surefire13138547389719728344 2024-09-29T18-36-22_992-jvmRun1 surefire-20240929183623562_1tmp surefire_0-20240929183623562_2tmp"/>
=======
    <property name="user.country" value="TR"/>
    <property name="sun.boot.library.path" value="C:\Program Files\Eclipse Adoptium\jdk-21.0.1.12-hotspot\bin"/>
    <property name="sun.java.command" value="C:\Users\lara\AppData\Local\Temp\surefire12516125280386382612\surefirebooter-20240930144518397_3.jar C:\Users\lara\AppData\Local\Temp\surefire12516125280386382612 2024-09-30T14-45-18_199-jvmRun1 surefire-20240930144518397_1tmp surefire_0-20240930144518397_2tmp"/>
>>>>>>> 49e94c9b3003727752cbdbd08a30d15e3beac6d7
    <property name="jdk.debug" value="release"/>
    <property name="surefire.test.class.path" value="C:\MARIA\DATABASE PROJECT TOM PEPPELS\dbProject\dbProject\target\test-classes;C:\MARIA\DATABASE PROJECT TOM PEPPELS\dbProject\dbProject\target\classes;C:\Users\maria\.m2\repository\org\junit\jupiter\junit-jupiter-api\5.11.0\junit-jupiter-api-5.11.0.jar;C:\Users\maria\.m2\repository\org\opentest4j\opentest4j\1.3.0\opentest4j-1.3.0.jar;C:\Users\maria\.m2\repository\org\junit\platform\junit-platform-commons\1.11.0\junit-platform-commons-1.11.0.jar;C:\Users\maria\.m2\repository\org\apiguardian\apiguardian-api\1.1.2\apiguardian-api-1.1.2.jar;C:\Users\maria\.m2\repository\org\junit\jupiter\junit-jupiter-params\5.11.0\junit-jupiter-params-5.11.0.jar;C:\Users\maria\.m2\repository\com\mysql\mysql-connector-j\8.0.33\mysql-connector-j-8.0.33.jar;C:\Users\maria\.m2\repository\com\google\protobuf\protobuf-java\3.21.9\protobuf-java-3.21.9.jar;C:\Users\maria\.m2\repository\org\openjfx\javafx-controls\21\javafx-controls-21.jar;C:\Users\maria\.m2\repository\org\openjfx\javafx-controls\21\javafx-controls-21-win.jar;C:\Users\maria\.m2\repository\org\openjfx\javafx-graphics\21\javafx-graphics-21.jar;C:\Users\maria\.m2\repository\org\openjfx\javafx-graphics\21\javafx-graphics-21-win.jar;C:\Users\maria\.m2\repository\org\openjfx\javafx-base\21\javafx-base-21.jar;C:\Users\maria\.m2\repository\org\openjfx\javafx-base\21\javafx-base-21-win.jar;C:\Users\maria\.m2\repository\org\openjfx\javafx-fxml\21\javafx-fxml-21.jar;C:\Users\maria\.m2\repository\org\openjfx\javafx-fxml\21\javafx-fxml-21-win.jar;"/>
    <property name="sun.cpu.endian" value="little"/>
    <property name="user.home" value="C:\Users\maria"/>
    <property name="user.language" value="en"/>
    <property name="java.specification.vendor" value="Oracle Corporation"/>
    <property name="java.version.date" value="2023-08-24"/>
    <property name="java.home" value="C:\Program Files\Eclipse Adoptium\jdk-17.0.8.101-hotspot"/>
    <property name="file.separator" value="\"/>
    <property name="basedir" value="C:\MARIA\DATABASE PROJECT TOM PEPPELS\dbProject\dbProject"/>
    <property name="java.vm.compressedOopsMode" value="Zero based"/>
    <property name="line.separator" value="&#10;"/>
    <property name="java.vm.specification.vendor" value="Oracle Corporation"/>
    <property name="java.specification.name" value="Java Platform API Specification"/>
<<<<<<< HEAD
    <property name="surefire.real.class.path" value="C:\Users\maria\AppData\Local\Temp\surefire13138547389719728344\surefirebooter-20240929183623562_3.jar"/>
=======
    <property name="surefire.real.class.path" value="C:\Users\lara\AppData\Local\Temp\surefire12516125280386382612\surefirebooter-20240930144518397_3.jar"/>
>>>>>>> 49e94c9b3003727752cbdbd08a30d15e3beac6d7
    <property name="user.script" value=""/>
    <property name="sun.management.compiler" value="HotSpot 64-Bit Tiered Compilers"/>
    <property name="java.runtime.version" value="17.0.8.1+1"/>
    <property name="user.name" value="maria"/>
    <property name="path.separator" value=";"/>
    <property name="os.version" value="10.0"/>
    <property name="java.runtime.name" value="OpenJDK Runtime Environment"/>
    <property name="file.encoding" value="Cp1252"/>
    <property name="java.vm.name" value="OpenJDK 64-Bit Server VM"/>
    <property name="java.vendor.version" value="Temurin-17.0.8.1+1"/>
    <property name="localRepository" value="C:\Users\maria\.m2\repository"/>
    <property name="java.vendor.url.bug" value="https://github.com/adoptium/adoptium-support/issues"/>
    <property name="java.io.tmpdir" value="C:\Users\maria\AppData\Local\Temp\"/>
    <property name="java.version" value="17.0.8.1"/>
    <property name="user.dir" value="C:\MARIA\DATABASE PROJECT TOM PEPPELS\dbProject\dbProject"/>
    <property name="os.arch" value="amd64"/>
    <property name="java.vm.specification.name" value="Java Virtual Machine Specification"/>
    <property name="sun.os.patch.level" value=""/>
    <property name="native.encoding" value="Cp1252"/>
    <property name="java.library.path" value="C:\Program Files\Eclipse Adoptium\jdk-17.0.8.101-hotspot\bin;C:\WINDOWS\Sun\Java\bin;C:\WINDOWS\system32;C:\WINDOWS;C:\Program Files\Common Files\Oracle\Java\javapath;C:\Program Files\Eclipse Adoptium\jdk-17.0.8.101-hotspot\bin;C:\WINDOWS\system32;C:\WINDOWS;C:\WINDOWS\System32\Wbem;C:\WINDOWS\System32\WindowsPowerShell\v1.0\;C:\WINDOWS\System32\OpenSSH\;C:\Program Files\MATLAB\R2023b\bin;C:\Program Files\Git\cmd;C:\Users\maria\apache-maven-3.9.6-bin\apache-maven-3.9.6\bin;C:\Program Files\MySQL\MySQL Server 8.0\bin;C:\Users\maria\scoop\shims;C:\Users\maria\AppData\Local\Programs\Python\Python312\Scripts\;C:\Users\maria\AppData\Local\Programs\Python\Python312\;C:\Users\maria\AppData\Local\Microsoft\WindowsApps;C:\Users\maria\AppData\Local\Programs\Microsoft VS Code\bin;."/>
    <property name="java.vm.info" value="mixed mode, sharing"/>
    <property name="java.vendor" value="Eclipse Adoptium"/>
    <property name="java.vm.version" value="17.0.8.1+1"/>
    <property name="sun.io.unicode.encoding" value="UnicodeLittle"/>
    <property name="java.class.version" value="61.0"/>
  </properties>
<<<<<<< HEAD
  <testcase name="shouldAnswerWithTrue" classname="pizzaSoftware.AppTest" time="0.022"/>
=======
  <testcase name="shouldAnswerWithTrue" classname="pizzaSoftware.AppTest" time="0.035"/>
>>>>>>> 49e94c9b3003727752cbdbd08a30d15e3beac6d7
</testsuite>